{"/opt/hapiger/lib/hapi_server.coffee":{"path":"/opt/hapiger/lib/hapi_server.coffee","s":{"1":0,"2":0,"3":0,"4":0,"5":0,"6":0,"7":0,"8":0,"9":0,"10":0,"11":0,"12":0,"13":0,"14":0,"15":0,"16":0,"17":0,"18":0,"19":0,"20":0,"21":0,"22":0,"23":0,"24":0,"25":0,"26":0,"27":0,"28":0,"29":0,"30":0,"31":0,"32":0,"33":0,"34":0,"35":0,"36":0,"37":0,"38":0,"39":0,"40":0,"41":0,"42":0,"43":0,"44":0,"45":0,"46":0,"47":0,"48":0,"49":0,"50":0,"51":0,"52":0,"53":0,"54":0,"55":0,"56":0,"57":0,"58":0,"59":0,"60":0,"61":0,"62":0,"63":0,"64":0,"65":0,"66":0,"67":0,"68":0,"69":0,"70":0,"71":0},"b":{"1":[0,0,0,0,0],"2":[0,0],"3":[0,0],"4":[0,0]},"f":{"1":0,"2":0,"3":0,"4":0,"5":0,"6":0,"7":0,"8":0,"9":0,"10":0,"11":0,"12":0,"13":0,"14":0,"15":0,"16":0,"17":0,"18":0,"19":0},"fnMap":{"1":{"name":"HapiGER","line":30,"loc":{"start":{"line":30,"column":6},"end":{"line":30,"column":12}}},"2":{"name":"constructor","line":31,"loc":{"start":{"line":31,"column":2},"end":{"line":31,"column":31}}},"3":{"name":"initialize","line":72,"loc":{"start":{"line":72,"column":2},"end":{"line":72,"column":15}}},"4":{"name":"(anonymous_1)","line":73,"loc":{"start":{"line":73,"column":12},"end":{"line":73,"column":13}}},"5":{"name":"(anonymous_2)","line":74,"loc":{"start":{"line":74,"column":11},"end":{"line":74,"column":12}}},"6":{"name":"(anonymous_3)","line":75,"loc":{"start":{"line":75,"column":11},"end":{"line":75,"column":12}}},"7":{"name":"init_server","line":77,"loc":{"start":{"line":77,"column":2},"end":{"line":77,"column":30}}},"8":{"name":"setup_server","line":83,"loc":{"start":{"line":83,"column":2},"end":{"line":83,"column":17}}},"9":{"name":"add_server_routes","line":86,"loc":{"start":{"line":86,"column":2},"end":{"line":86,"column":22}}},"10":{"name":"server_method","line":89,"loc":{"start":{"line":89,"column":2},"end":{"line":89,"column":38}}},"11":{"name":"(anonymous_4)","line":91,"loc":{"start":{"line":91,"column":50},"end":{"line":91,"column":65}}},"12":{"name":"start","line":100,"loc":{"start":{"line":100,"column":2},"end":{"line":100,"column":10}}},"13":{"name":"stop","line":104,"loc":{"start":{"line":104,"column":2},"end":{"line":104,"column":9}}},"14":{"name":"load_server_plugin","line":107,"loc":{"start":{"line":107,"column":2},"end":{"line":107,"column":46}}},"15":{"name":"(anonymous_5)","line":109,"loc":{"start":{"line":109,"column":69},"end":{"line":109,"column":76}}},"16":{"name":"start_server","line":117,"loc":{"start":{"line":117,"column":2},"end":{"line":117,"column":17}}},"17":{"name":"(anonymous_6)","line":119,"loc":{"start":{"line":119,"column":20},"end":{"line":119,"column":21}}},"18":{"name":"stop_server","line":124,"loc":{"start":{"line":124,"column":2},"end":{"line":124,"column":16}}},"19":{"name":"(anonymous_7)","line":126,"loc":{"start":{"line":126,"column":19},"end":{"line":126,"column":20}}}},"statementMap":{"1":{"start":{"line":3,"column":0},"end":{"line":3,"column":22}},"2":{"start":{"line":4,"column":0},"end":{"line":4,"column":23}},"3":{"start":{"line":8,"column":0},"end":{"line":8,"column":20}},"4":{"start":{"line":9,"column":0},"end":{"line":9,"column":18}},"5":{"start":{"line":12,"column":0},"end":{"line":12,"column":16}},"6":{"start":{"line":13,"column":0},"end":{"line":13,"column":12}},"7":{"start":{"line":16,"column":0},"end":{"line":16,"column":10}},"8":{"start":{"line":19,"column":0},"end":{"line":19,"column":18}},"9":{"start":{"line":20,"column":0},"end":{"line":20,"column":16}},"10":{"start":{"line":23,"column":0},"end":{"line":23,"column":36}},"11":{"start":{"line":24,"column":0},"end":{"line":24,"column":25}},"12":{"start":{"line":25,"column":0},"end":{"line":25,"column":12}},"13":{"start":{"line":27,"column":0},"end":{"line":27,"column":34}},"14":{"start":{"line":28,"column":0},"end":{"line":28,"column":23}},"15":{"start":{"line":30,"column":0},"end":{"line":132,"column":0}},"16":{"start":{"line":32,"column":4},"end":{"line":42,"column":5}},"17":{"start":{"line":44,"column":4},"end":{"line":72,"column":1}},"18":{"start":{"line":46,"column":8},"end":{"line":46,"column":29}},"19":{"start":{"line":47,"column":8},"end":{"line":47,"column":39}},"20":{"start":{"line":49,"column":8},"end":{"line":49,"column":71}},"21":{"start":{"line":49,"column":8},"end":{"line":49,"column":36}},"22":{"start":{"line":50,"column":8},"end":{"line":52,"column":9}},"23":{"start":{"line":53,"column":8},"end":{"line":53,"column":35}},"24":{"start":{"line":54,"column":8},"end":{"line":54,"column":40}},"25":{"start":{"line":55,"column":8},"end":{"line":55,"column":39}},"26":{"start":{"line":57,"column":8},"end":{"line":57,"column":46}},"27":{"start":{"line":58,"column":8},"end":{"line":58,"column":76}},"28":{"start":{"line":59,"column":8},"end":{"line":59,"column":39}},"29":{"start":{"line":61,"column":8},"end":{"line":61,"column":71}},"30":{"start":{"line":62,"column":8},"end":{"line":65,"column":9}},"31":{"start":{"line":66,"column":8},"end":{"line":66,"column":35}},"32":{"start":{"line":67,"column":8},"end":{"line":67,"column":69}},"33":{"start":{"line":68,"column":8},"end":{"line":68,"column":39}},"34":{"start":{"line":70,"column":8},"end":{"line":70,"column":37}},"35":{"start":{"line":73,"column":4},"end":{"line":75,"column":34}},"36":{"start":{"line":73,"column":15},"end":{"line":73,"column":28}},"37":{"start":{"line":74,"column":14},"end":{"line":74,"column":28}},"38":{"start":{"line":75,"column":14},"end":{"line":75,"column":33}},"39":{"start":{"line":79,"column":4},"end":{"line":79,"column":31}},"40":{"start":{"line":80,"column":4},"end":{"line":80,"column":47}},"41":{"start":{"line":81,"column":4},"end":{"line":81,"column":24}},"42":{"start":{"line":84,"column":4},"end":{"line":84,"column":56}},"43":{"start":{"line":87,"column":4},"end":{"line":87,"column":55}},"44":{"start":{"line":90,"column":4},"end":{"line":90,"column":17}},"45":{"start":{"line":91,"column":4},"end":{"line":96,"column":5}},"46":{"start":{"line":92,"column":6},"end":{"line":95,"column":24}},"47":{"start":{"line":92,"column":10},"end":{"line":92,"column":12}},"48":{"start":{"line":93,"column":8},"end":{"line":93,"column":20}},"49":{"start":{"line":95,"column":8},"end":{"line":95,"column":24}},"50":{"start":{"line":97,"column":4},"end":{"line":97,"column":4}},"51":{"start":{"line":101,"column":4},"end":{"line":101,"column":52}},"52":{"start":{"line":101,"column":16},"end":{"line":101,"column":51}},"53":{"start":{"line":101,"column":38},"end":{"line":101,"column":45}},"54":{"start":{"line":102,"column":4},"end":{"line":102,"column":18}},"55":{"start":{"line":105,"column":4},"end":{"line":105,"column":17}},"56":{"start":{"line":108,"column":4},"end":{"line":108,"column":17}},"57":{"start":{"line":109,"column":4},"end":{"line":114,"column":4}},"58":{"start":{"line":110,"column":6},"end":{"line":113,"column":18}},"59":{"start":{"line":110,"column":10},"end":{"line":110,"column":12}},"60":{"start":{"line":111,"column":8},"end":{"line":111,"column":20}},"61":{"start":{"line":113,"column":8},"end":{"line":113,"column":18}},"62":{"start":{"line":115,"column":4},"end":{"line":115,"column":4}},"63":{"start":{"line":118,"column":4},"end":{"line":118,"column":17}},"64":{"start":{"line":119,"column":4},"end":{"line":121,"column":4}},"65":{"start":{"line":120,"column":6},"end":{"line":120,"column":17}},"66":{"start":{"line":122,"column":4},"end":{"line":122,"column":4}},"67":{"start":{"line":125,"column":4},"end":{"line":125,"column":17}},"68":{"start":{"line":126,"column":4},"end":{"line":128,"column":4}},"69":{"start":{"line":127,"column":6},"end":{"line":127,"column":16}},"70":{"start":{"line":129,"column":4},"end":{"line":129,"column":4}},"71":{"start":{"line":133,"column":0},"end":{"line":133,"column":23}}},"branchMap":{"1":{"line":44,"type":"switch","locations":[{"start":{"line":45,"column":6},"end":{"line":46,"column":29}},{"start":{"line":48,"column":6},"end":{"line":49,"column":71}},{"start":{"line":56,"column":6},"end":{"line":57,"column":46}},{"start":{"line":60,"column":6},"end":{"line":61,"column":71}},{"start":{"line":70,"column":8},"end":{"line":70,"column":37}}]},"2":{"line":49,"type":"if","locations":[{"start":{"line":49,"column":8},"end":{"line":49,"column":8}},{"start":{"line":49,"column":8},"end":{"line":49,"column":8}}]},"3":{"line":92,"type":"if","locations":[{"start":{"line":92,"column":6},"end":{"line":92,"column":6}},{"start":{"line":92,"column":6},"end":{"line":92,"column":6}}]},"4":{"line":110,"type":"if","locations":[{"start":{"line":110,"column":6},"end":{"line":110,"column":6}},{"start":{"line":110,"column":6},"end":{"line":110,"column":6}}]}}},"/opt/hapiger/lib/the_hapi_ger.coffee":{"path":"/opt/hapiger/lib/the_hapi_ger.coffee","s":{"1":1,"2":1,"3":1,"4":1,"5":1,"6":1,"7":1,"8":1,"9":1,"10":1,"11":1,"12":1,"13":1,"14":1,"15":1,"16":4,"17":4,"18":4,"19":4,"20":0,"21":0,"22":0,"23":0,"24":1,"25":1,"26":1,"27":1,"28":4,"29":4,"30":0,"31":1,"32":2,"33":2,"34":2,"35":1,"36":1,"37":1,"38":1,"39":1,"40":8,"41":8,"42":8,"43":0,"44":1,"45":4,"46":3,"47":1,"48":0,"49":1,"50":1,"51":1,"52":1,"53":0,"54":1,"55":3,"56":3,"57":3,"58":3,"59":3,"60":3,"61":1,"62":2,"63":0,"64":2,"65":2,"66":2,"67":1,"68":1,"69":2,"70":2,"71":2,"72":1,"73":1,"74":1,"75":1,"76":1,"77":1,"78":1,"79":1,"80":1,"81":1,"82":1,"83":1,"84":1},"b":{"1":[4,0],"2":[1,1],"3":[1,2],"4":[0,2],"5":[1,1]},"f":{"1":4,"2":1,"3":4,"4":4,"5":0,"6":2,"7":2,"8":1,"9":1,"10":8,"11":8,"12":0,"13":4,"14":3,"15":1,"16":0,"17":1,"18":1,"19":0,"20":3,"21":3,"22":2,"23":1,"24":2,"25":2,"26":1,"27":1,"28":1,"29":1},"fnMap":{"1":{"name":"Utils","line":64,"loc":{"start":{"line":64,"column":0},"end":{"line":64,"column":43}}},"2":{"name":"register","line":76,"loc":{"start":{"line":76,"column":2},"end":{"line":76,"column":37}}},"3":{"name":"handler","line":84,"loc":{"start":{"line":84,"column":6},"end":{"line":84,"column":33}}},"4":{"name":"(anonymous_1)","line":86,"loc":{"start":{"line":86,"column":15},"end":{"line":86,"column":29}}},"5":{"name":"(anonymous_2)","line":89,"loc":{"start":{"line":89,"column":15},"end":{"line":89,"column":22}}},"6":{"name":"handler","line":95,"loc":{"start":{"line":95,"column":6},"end":{"line":95,"column":33}}},"7":{"name":"(anonymous_3)","line":98,"loc":{"start":{"line":98,"column":15},"end":{"line":98,"column":25}}},"8":{"name":"(anonymous_4)","line":102,"loc":{"start":{"line":102,"column":15},"end":{"line":102,"column":16}}},"9":{"name":"(anonymous_5)","line":105,"loc":{"start":{"line":105,"column":15},"end":{"line":105,"column":22}}},"10":{"name":"handler","line":118,"loc":{"start":{"line":118,"column":6},"end":{"line":118,"column":33}}},"11":{"name":"(anonymous_6)","line":121,"loc":{"start":{"line":121,"column":15},"end":{"line":121,"column":16}}},"12":{"name":"(anonymous_7)","line":124,"loc":{"start":{"line":124,"column":15},"end":{"line":124,"column":22}}},"13":{"name":"handler","line":139,"loc":{"start":{"line":139,"column":6},"end":{"line":139,"column":33}}},"14":{"name":"(anonymous_8)","line":141,"loc":{"start":{"line":141,"column":15},"end":{"line":141,"column":24}}},"15":{"name":"(anonymous_9)","line":144,"loc":{"start":{"line":144,"column":43},"end":{"line":144,"column":50}}},"16":{"name":"(anonymous_10)","line":147,"loc":{"start":{"line":147,"column":15},"end":{"line":147,"column":22}}},"17":{"name":"handler","line":158,"loc":{"start":{"line":158,"column":6},"end":{"line":158,"column":33}}},"18":{"name":"(anonymous_11)","line":165,"loc":{"start":{"line":165,"column":15},"end":{"line":165,"column":25}}},"19":{"name":"(anonymous_12)","line":168,"loc":{"start":{"line":168,"column":15},"end":{"line":168,"column":22}}},"20":{"name":"handler","line":184,"loc":{"start":{"line":184,"column":6},"end":{"line":184,"column":33}}},"21":{"name":"(anonymous_13)","line":192,"loc":{"start":{"line":192,"column":15},"end":{"line":192,"column":25}}},"22":{"name":"(anonymous_14)","line":201,"loc":{"start":{"line":201,"column":15},"end":{"line":201,"column":34}}},"23":{"name":"(anonymous_15)","line":204,"loc":{"start":{"line":204,"column":15},"end":{"line":204,"column":22}}},"24":{"name":"handler","line":218,"loc":{"start":{"line":218,"column":6},"end":{"line":218,"column":33}}},"25":{"name":"(anonymous_16)","line":221,"loc":{"start":{"line":221,"column":15},"end":{"line":221,"column":25}}},"26":{"name":"(anonymous_17)","line":225,"loc":{"start":{"line":225,"column":15},"end":{"line":225,"column":29}}},"27":{"name":"(anonymous_18)","line":228,"loc":{"start":{"line":228,"column":16},"end":{"line":228,"column":30}}},"28":{"name":"(anonymous_19)","line":231,"loc":{"start":{"line":231,"column":16},"end":{"line":231,"column":41}}},"29":{"name":"(anonymous_20)","line":234,"loc":{"start":{"line":234,"column":15},"end":{"line":234,"column":22}}}},"statementMap":{"1":{"start":{"line":1,"column":0},"end":{"line":1,"column":22}},"2":{"start":{"line":2,"column":0},"end":{"line":2,"column":23}},"3":{"start":{"line":4,"column":0},"end":{"line":4,"column":18}},"4":{"start":{"line":5,"column":0},"end":{"line":5,"column":20}},"5":{"start":{"line":8,"column":0},"end":{"line":8,"column":16}},"6":{"start":{"line":10,"column":0},"end":{"line":10,"column":10}},"7":{"start":{"line":13,"column":0},"end":{"line":13,"column":63}},"8":{"start":{"line":15,"column":0},"end":{"line":17,"column":1}},"9":{"start":{"line":19,"column":0},"end":{"line":31,"column":1}},"10":{"start":{"line":33,"column":0},"end":{"line":39,"column":24}},"11":{"start":{"line":41,"column":0},"end":{"line":48,"column":1}},"12":{"start":{"line":50,"column":0},"end":{"line":52,"column":1}},"13":{"start":{"line":54,"column":0},"end":{"line":59,"column":1}},"14":{"start":{"line":62,"column":0},"end":{"line":62,"column":9}},"15":{"start":{"line":64,"column":0},"end":{"line":74,"column":0}},"16":{"start":{"line":65,"column":2},"end":{"line":65,"column":22}},"17":{"start":{"line":66,"column":2},"end":{"line":70,"column":61}},"18":{"start":{"line":67,"column":4},"end":{"line":67,"column":29}},"19":{"start":{"line":68,"column":4},"end":{"line":68,"column":13}},"20":{"start":{"line":70,"column":4},"end":{"line":70,"column":61}},"21":{"start":{"line":70,"column":34},"end":{"line":70,"column":40}},"22":{"start":{"line":70,"column":37},"end":{"line":70,"column":39}},"23":{"start":{"line":71,"column":4},"end":{"line":71,"column":59}},"24":{"start":{"line":75,"column":0},"end":{"line":239,"column":0}},"25":{"start":{"line":77,"column":4},"end":{"line":77,"column":20}},"26":{"start":{"line":78,"column":4},"end":{"line":78,"column":62}},"27":{"start":{"line":81,"column":4},"end":{"line":90,"column":4}},"28":{"start":{"line":85,"column":8},"end":{"line":89,"column":64}},"29":{"start":{"line":87,"column":10},"end":{"line":87,"column":40}},"30":{"start":{"line":89,"column":24},"end":{"line":89,"column":62}},"31":{"start":{"line":92,"column":4},"end":{"line":106,"column":4}},"32":{"start":{"line":96,"column":8},"end":{"line":96,"column":43}},"33":{"start":{"line":97,"column":8},"end":{"line":105,"column":64}},"34":{"start":{"line":99,"column":10},"end":{"line":99,"column":41}},"35":{"start":{"line":99,"column":10},"end":{"line":99,"column":30}},"36":{"start":{"line":100,"column":10},"end":{"line":100,"column":41}},"37":{"start":{"line":103,"column":10},"end":{"line":103,"column":38}},"38":{"start":{"line":105,"column":24},"end":{"line":105,"column":62}},"39":{"start":{"line":108,"column":4},"end":{"line":125,"column":4}},"40":{"start":{"line":119,"column":8},"end":{"line":119,"column":44}},"41":{"start":{"line":120,"column":8},"end":{"line":124,"column":64}},"42":{"start":{"line":122,"column":10},"end":{"line":122,"column":38}},"43":{"start":{"line":124,"column":24},"end":{"line":124,"column":62}},"44":{"start":{"line":130,"column":4},"end":{"line":148,"column":4}},"45":{"start":{"line":140,"column":8},"end":{"line":147,"column":64}},"46":{"start":{"line":142,"column":10},"end":{"line":142,"column":31}},"47":{"start":{"line":145,"column":10},"end":{"line":145,"column":81}},"48":{"start":{"line":147,"column":24},"end":{"line":147,"column":62}},"49":{"start":{"line":151,"column":4},"end":{"line":169,"column":4}},"50":{"start":{"line":159,"column":8},"end":{"line":163,"column":8}},"51":{"start":{"line":164,"column":8},"end":{"line":168,"column":64}},"52":{"start":{"line":166,"column":10},"end":{"line":166,"column":34}},"53":{"start":{"line":168,"column":24},"end":{"line":168,"column":62}},"54":{"start":{"line":175,"column":4},"end":{"line":205,"column":4}},"55":{"start":{"line":186,"column":8},"end":{"line":186,"column":38}},"56":{"start":{"line":187,"column":8},"end":{"line":187,"column":36}},"57":{"start":{"line":188,"column":8},"end":{"line":188,"column":44}},"58":{"start":{"line":189,"column":8},"end":{"line":189,"column":87}},"59":{"start":{"line":191,"column":8},"end":{"line":204,"column":63}},"60":{"start":{"line":193,"column":10},"end":{"line":193,"column":41}},"61":{"start":{"line":193,"column":10},"end":{"line":193,"column":30}},"62":{"start":{"line":194,"column":10},"end":{"line":197,"column":85}},"63":{"start":{"line":195,"column":12},"end":{"line":195,"column":83}},"64":{"start":{"line":197,"column":12},"end":{"line":197,"column":85}},"65":{"start":{"line":199,"column":10},"end":{"line":199,"column":16}},"66":{"start":{"line":202,"column":10},"end":{"line":202,"column":31}},"67":{"start":{"line":204,"column":24},"end":{"line":204,"column":62}},"68":{"start":{"line":208,"column":4},"end":{"line":235,"column":4}},"69":{"start":{"line":219,"column":8},"end":{"line":219,"column":37}},"70":{"start":{"line":220,"column":8},"end":{"line":234,"column":64}},"71":{"start":{"line":222,"column":10},"end":{"line":222,"column":41}},"72":{"start":{"line":222,"column":10},"end":{"line":222,"column":30}},"73":{"start":{"line":223,"column":10},"end":{"line":223,"column":37}},"74":{"start":{"line":226,"column":10},"end":{"line":226,"column":57}},"75":{"start":{"line":229,"column":10},"end":{"line":229,"column":62}},"76":{"start":{"line":232,"column":10},"end":{"line":232,"column":119}},"77":{"start":{"line":232,"column":79},"end":{"line":232,"column":116}},"78":{"start":{"line":232,"column":80},"end":{"line":232,"column":113}},"79":{"start":{"line":232,"column":81},"end":{"line":232,"column":106}},"80":{"start":{"line":232,"column":86},"end":{"line":232,"column":105}},"81":{"start":{"line":234,"column":24},"end":{"line":234,"column":62}},"82":{"start":{"line":237,"column":4},"end":{"line":237,"column":9}},"83":{"start":{"line":240,"column":0},"end":{"line":243,"column":0}},"84":{"start":{"line":244,"column":0},"end":{"line":244,"column":22}}},"branchMap":{"1":{"line":66,"type":"if","locations":[{"start":{"line":66,"column":2},"end":{"line":66,"column":2}},{"start":{"line":66,"column":2},"end":{"line":66,"column":2}}]},"2":{"line":99,"type":"if","locations":[{"start":{"line":99,"column":10},"end":{"line":99,"column":10}},{"start":{"line":99,"column":10},"end":{"line":99,"column":10}}]},"3":{"line":193,"type":"if","locations":[{"start":{"line":193,"column":10},"end":{"line":193,"column":10}},{"start":{"line":193,"column":10},"end":{"line":193,"column":10}}]},"4":{"line":194,"type":"if","locations":[{"start":{"line":194,"column":10},"end":{"line":194,"column":10}},{"start":{"line":194,"column":10},"end":{"line":194,"column":10}}]},"5":{"line":222,"type":"if","locations":[{"start":{"line":222,"column":10},"end":{"line":222,"column":10}},{"start":{"line":222,"column":10},"end":{"line":222,"column":10}}]}}}}