TN:
SF:/opt/hapiger/lib/hapi_server.coffee
FN:30,HapiGER
FN:31,constructor
FN:72,initialize
FN:73,(anonymous_1)
FN:74,(anonymous_2)
FN:75,(anonymous_3)
FN:77,init_server
FN:83,setup_server
FN:86,add_server_routes
FN:89,server_method
FN:91,(anonymous_4)
FN:100,start
FN:104,stop
FN:107,load_server_plugin
FN:109,(anonymous_5)
FN:117,start_server
FN:119,(anonymous_6)
FN:124,stop_server
FN:126,(anonymous_7)
FNF:19
FNH:0
FNDA:0,HapiGER
FNDA:0,constructor
FNDA:0,initialize
FNDA:0,(anonymous_1)
FNDA:0,(anonymous_2)
FNDA:0,(anonymous_3)
FNDA:0,init_server
FNDA:0,setup_server
FNDA:0,add_server_routes
FNDA:0,server_method
FNDA:0,(anonymous_4)
FNDA:0,start
FNDA:0,stop
FNDA:0,load_server_plugin
FNDA:0,(anonymous_5)
FNDA:0,start_server
FNDA:0,(anonymous_6)
FNDA:0,stop_server
FNDA:0,(anonymous_7)
DA:3,0
DA:4,0
DA:8,0
DA:9,0
DA:12,0
DA:13,0
DA:16,0
DA:19,0
DA:20,0
DA:23,0
DA:24,0
DA:25,0
DA:27,0
DA:28,0
DA:30,0
DA:32,0
DA:44,0
DA:46,0
DA:47,0
DA:49,0
DA:50,0
DA:53,0
DA:54,0
DA:55,0
DA:57,0
DA:58,0
DA:59,0
DA:61,0
DA:62,0
DA:66,0
DA:67,0
DA:68,0
DA:70,0
DA:73,0
DA:74,0
DA:75,0
DA:79,0
DA:80,0
DA:81,0
DA:84,0
DA:87,0
DA:90,0
DA:91,0
DA:92,0
DA:93,0
DA:95,0
DA:97,0
DA:101,0
DA:102,0
DA:105,0
DA:108,0
DA:109,0
DA:110,0
DA:111,0
DA:113,0
DA:115,0
DA:118,0
DA:119,0
DA:120,0
DA:122,0
DA:125,0
DA:126,0
DA:127,0
DA:129,0
DA:133,0
LF:65
LH:0
BRDA:44,1,0,0
BRDA:44,1,1,0
BRDA:44,1,2,0
BRDA:44,1,3,0
BRDA:44,1,4,0
BRDA:49,2,0,0
BRDA:49,2,1,0
BRDA:92,3,0,0
BRDA:92,3,1,0
BRDA:110,4,0,0
BRDA:110,4,1,0
BRF:11
BRH:0
end_of_record
TN:
SF:/opt/hapiger/lib/the_hapi_ger.coffee
FN:64,Utils
FN:76,register
FN:84,handler
FN:86,(anonymous_1)
FN:89,(anonymous_2)
FN:95,handler
FN:98,(anonymous_3)
FN:102,(anonymous_4)
FN:105,(anonymous_5)
FN:118,handler
FN:121,(anonymous_6)
FN:124,(anonymous_7)
FN:139,handler
FN:141,(anonymous_8)
FN:144,(anonymous_9)
FN:147,(anonymous_10)
FN:158,handler
FN:165,(anonymous_11)
FN:168,(anonymous_12)
FN:184,handler
FN:192,(anonymous_13)
FN:201,(anonymous_14)
FN:204,(anonymous_15)
FN:218,handler
FN:221,(anonymous_16)
FN:225,(anonymous_17)
FN:228,(anonymous_18)
FN:231,(anonymous_19)
FN:234,(anonymous_20)
FNF:29
FNH:25
FNDA:4,Utils
FNDA:1,register
FNDA:4,handler
FNDA:4,(anonymous_1)
FNDA:0,(anonymous_2)
FNDA:2,handler
FNDA:2,(anonymous_3)
FNDA:1,(anonymous_4)
FNDA:1,(anonymous_5)
FNDA:8,handler
FNDA:8,(anonymous_6)
FNDA:0,(anonymous_7)
FNDA:4,handler
FNDA:3,(anonymous_8)
FNDA:1,(anonymous_9)
FNDA:0,(anonymous_10)
FNDA:1,handler
FNDA:1,(anonymous_11)
FNDA:0,(anonymous_12)
FNDA:3,handler
FNDA:3,(anonymous_13)
FNDA:2,(anonymous_14)
FNDA:1,(anonymous_15)
FNDA:2,handler
FNDA:2,(anonymous_16)
FNDA:1,(anonymous_17)
FNDA:1,(anonymous_18)
FNDA:1,(anonymous_19)
FNDA:1,(anonymous_20)
DA:1,1
DA:2,1
DA:4,1
DA:5,1
DA:8,1
DA:10,1
DA:13,1
DA:15,1
DA:19,1
DA:33,1
DA:41,1
DA:50,1
DA:54,1
DA:62,1
DA:64,1
DA:65,4
DA:66,4
DA:67,4
DA:68,4
DA:70,0
DA:71,0
DA:75,1
DA:77,1
DA:78,1
DA:81,1
DA:85,4
DA:87,4
DA:89,0
DA:92,1
DA:96,2
DA:97,2
DA:99,2
DA:100,1
DA:103,1
DA:105,1
DA:108,1
DA:119,8
DA:120,8
DA:122,8
DA:124,0
DA:130,1
DA:140,4
DA:142,3
DA:145,1
DA:147,0
DA:151,1
DA:159,1
DA:164,1
DA:166,1
DA:168,0
DA:175,1
DA:186,3
DA:187,3
DA:188,3
DA:189,3
DA:191,3
DA:193,3
DA:194,2
DA:195,0
DA:197,2
DA:199,2
DA:202,2
DA:204,1
DA:208,1
DA:219,2
DA:220,2
DA:222,2
DA:223,1
DA:226,1
DA:229,1
DA:232,1
DA:234,1
DA:237,1
DA:240,1
DA:244,1
LF:75
LH:68
BRDA:66,1,0,4
BRDA:66,1,1,0
BRDA:99,2,0,1
BRDA:99,2,1,1
BRDA:193,3,0,1
BRDA:193,3,1,2
BRDA:194,4,0,0
BRDA:194,4,1,2
BRDA:222,5,0,1
BRDA:222,5,1,1
BRF:10
BRH:8
end_of_record
